<?xml version="1.0" encoding="UTF-8"?>
<!-- Generated by org.testng.reporters.JUnitReportReporter -->
<testsuite hostname="Denys_Koval" name="verify_the_login_section.GuruTestPage" tests="4" failures="0" timestamp="26 Nov 2014 17:41:38 GMT" time="26.116" errors="0">
  <testcase name="valid_userid_password" time="5.785" classname="verify_the_login_section.GuruTestPage"/>
  <testcase name="valid_userid_invalid_password" time="5.864" classname="verify_the_login_section.GuruTestPage"/>
  <testcase name="invalid_userid_valid_password" time="5.812" classname="verify_the_login_section.GuruTestPage"/>
  <testcase name="invalid_userid_invalid_password" time="8.655" classname="verify_the_login_section.GuruTestPage"/>
</testsuite> <!-- verify_the_login_section.GuruTestPage -->
