<?xml version="1.0" encoding="UTF-8"?>
<!-- Generated by org.testng.reporters.JUnitReportReporter -->
<testsuite hostname="Denys_Koval" name="customized_statement.GuruTestPage" tests="1" failures="0" timestamp="27 Nov 2014 09:53:27 GMT" time="3.717" errors="0">
  <testcase name="verify_confirmation_message" time="3.717" classname="customized_statement.GuruTestPage"/>
</testsuite> <!-- customized_statement.GuruTestPage -->
