<?xml version="1.0" encoding="UTF-8"?>
<!-- Generated by org.testng.reporters.JUnitReportReporter -->
<testsuite hostname="Denys_Koval" name="found_transfer_customized_statement.GuruTestPage" tests="1" failures="0" timestamp="27 Nov 2014 09:38:52 GMT" time="3.397" errors="0">
  <testcase name="verify_system_behavior_wrong_account_number" time="3.397" classname="found_transfer_customized_statement.GuruTestPage"/>
</testsuite> <!-- found_transfer_customized_statement.GuruTestPage -->
